# JRE version: OpenJDK Runtime Environment Temurin-17.0.2+8 (17.0.2+8) (build 17.0.2+8)
# Java VM: OpenJDK 64-Bit Server VM Temurin-17.0.2+8 (17.0.2+8, mixed mode, tiered, compressed oops, compressed class ptrs, g1 gc, windows-amd64)
GC Precious Log:
 CPUs: 8 total, 8 available
 Memory: 7973M
 Large Page Support: Disabled
 NUMA Support: Disabled
 Compressed Oops: Enabled (32-bit)
 Heap Region Size: 1M
 Heap Min Capacity: 8M
 Heap Initial Capacity: 126M
 Heap Max Capacity: 1994M
 Pre-touch: Disabled
 Parallel Workers: 8
 Concurrent Workers: 2
 Concurrent Refinement Workers: 8
 Periodic GC: Disabled
Heap:
 garbage-first heap   total 37888K, used 15452K [0x0000000083600000, 0x0000000100000000)
  region size 1024K, 6 young (6144K), 2 survivors (2048K)
 Metaspace       used 30584K, committed 30976K, reserved 1081344K
  class space    used 3539K, committed 3712K, reserved 1048576K
GC Heap History (10 events):
Event: 1.524 GC heap before
{Heap before GC invocations=0 (full 0):
 garbage-first heap   total 129024K, used 23552K [0x0000000083600000, 0x0000000100000000)
  region size 1024K, 23 young (23552K), 0 survivors (0K)
 Metaspace       used 14890K, committed 15168K, reserved 1064960K
  class space    used 1485K, committed 1600K, reserved 1048576K
}
Event: 1.532 GC heap after
{Heap after GC invocations=1 (full 0):
 garbage-first heap   total 129024K, used 6336K [0x0000000083600000, 0x0000000100000000)
  region size 1024K, 3 young (3072K), 3 survivors (3072K)
 Metaspace       used 14890K, committed 15168K, reserved 1064960K
  class space    used 1485K, committed 1600K, reserved 1048576K
}
Event: 3.681 GC heap before
{Heap before GC invocations=1 (full 0):
 garbage-first heap   total 129024K, used 29888K [0x0000000083600000, 0x0000000100000000)
  region size 1024K, 27 young (27648K), 3 survivors (3072K)
 Metaspace       used 21195K, committed 21504K, reserved 1073152K
  class space    used 2247K, committed 2432K, reserved 1048576K
}
Event: 3.689 GC heap after
{Heap after GC invocations=2 (full 0):
 garbage-first heap   total 129024K, used 8998K [0x0000000083600000, 0x0000000100000000)
  region size 1024K, 3 young (3072K), 3 survivors (3072K)
 Metaspace       used 21195K, committed 21504K, reserved 1073152K
  class space    used 2247K, committed 2432K, reserved 1048576K
}
Event: 4.423 GC heap before
{Heap before GC invocations=3 (full 0):
 garbage-first heap   total 37888K, used 26406K [0x0000000083600000, 0x0000000100000000)
  region size 1024K, 21 young (21504K), 3 survivors (3072K)
 Metaspace       used 26716K, committed 27072K, reserved 1073152K
  class space    used 2954K, committed 3136K, reserved 1048576K
}
Event: 4.429 GC heap after
{Heap after GC invocations=4 (full 0):
 garbage-first heap   total 37888K, used 11481K [0x0000000083600000, 0x0000000100000000)
  region size 1024K, 3 young (3072K), 3 survivors (3072K)
 Metaspace       used 26716K, committed 27072K, reserved 1073152K
  class space    used 2954K, committed 3136K, reserved 1048576K
}
Event: 4.453 GC heap before
{Heap before GC invocations=4 (full 0):
 garbage-first heap   total 37888K, used 12505K [0x0000000083600000, 0x0000000100000000)
  region size 1024K, 4 young (4096K), 3 survivors (3072K)
 Metaspace       used 26890K, committed 27200K, reserved 1073152K
  class space    used 2992K, committed 3136K, reserved 1048576K
}
Event: 4.457 GC heap after
{Heap after GC invocations=5 (full 0):
 garbage-first heap   total 37888K, used 11650K [0x0000000083600000, 0x0000000100000000)
  region size 1024K, 1 young (1024K), 1 survivors (1024K)
 Metaspace       used 26890K, committed 27200K, reserved 1073152K
  class space    used 2992K, committed 3136K, reserved 1048576K
}
Event: 7.612 GC heap before
{Heap before GC invocations=5 (full 0):
 garbage-first heap   total 37888K, used 27010K [0x0000000083600000, 0x0000000100000000)
  region size 1024K, 16 young (16384K), 1 survivors (1024K)
 Metaspace       used 29963K, committed 30336K, reserved 1081344K
  class space    used 3454K, committed 3648K, reserved 1048576K
}
Event: 7.615 GC heap after
{Heap after GC invocations=6 (full 0):
 garbage-first heap   total 37888K, used 12380K [0x0000000083600000, 0x0000000100000000)
  region size 1024K, 2 young (2048K), 2 survivors (2048K)
 Metaspace       used 29963K, committed 30336K, reserved 1081344K
  class space    used 3454K, committed 3648K, reserved 1048576K
}

