<?xml version="1.0" encoding="UTF-8"?>
<!-- Generated by org.testng.reporters.JUnitXMLReporter -->
<testsuite ignored="2" hostname="LAPTOP-FD4NVGGE" failures="0" tests="6" name="TestRunner-Firefox" time="148.353" errors="0" timestamp="2024-07-11T11:49:51 IST">
  <testcase classname="com.comcast.crm.contactTestWithBaseClass.CreateContactWithBase" name="CreateConWithOrgTest" time="9.866"/>
  <testcase classname="com.comcast.crm.contactTestWithBaseClass.CreateContactWithBase" name="CreateContactWithSupportDateTest" time="9.975"/>
  <testcase classname="com.comcast.crm.contactTestWithBaseClass.CreateContactWithBase" name="createContactTest" time="9.507"/>
  <testcase classname="com.comcast.crm.contactTestWithBaseClass.CreateOrgWithBase" name="CreateOrgWithPhoneNumberTest" time="8.954"/>
  <testcase classname="com.comcast.crm.contactTestWithBaseClass.CreateOrgWithBase" name="CreateOrganizationWithINdustriesTest" time="6.209"/>
  <testcase classname="com.comcast.crm.contactTestWithBaseClass.CreateOrgWithBase" name="createOrgTest" time="8.182"/>
  <testcase classname="com.crm.comcast.basetest.BaseClass" name="@BeforeSuite configBS" time="0.0">
    <ignored/>
  </testcase> <!-- @BeforeSuite configBS -->
  <testcase classname="com.crm.comcast.basetest.BaseClass" name="@AfterSuite configAS" time="0.0">
    <ignored/>
  </testcase> <!-- @AfterSuite configAS -->
</testsuite> <!-- TestRunner-Firefox -->
