<?xml version="1.0" encoding="UTF-8"?>
<!-- Generated by org.testng.reporters.JUnitXMLReporter -->
<testsuite ignored="2" hostname="LAPTOP-FD4NVGGE" failures="0" tests="6" name="TestRunner-Chrome" time="137.994" errors="0" timestamp="2024-07-11T11:49:41 IST">
  <testcase classname="com.comcast.crm.contactTestWithBaseClass.CreateContactWithBase" name="CreateConWithOrgTest" time="11.158"/>
  <testcase classname="com.comcast.crm.contactTestWithBaseClass.CreateContactWithBase" name="CreateContactWithSupportDateTest" time="10.776"/>
  <testcase classname="com.comcast.crm.contactTestWithBaseClass.CreateContactWithBase" name="createContactTest" time="9.346"/>
  <testcase classname="com.comcast.crm.contactTestWithBaseClass.CreateOrgWithBase" name="CreateOrgWithPhoneNumberTest" time="10.251"/>
  <testcase classname="com.comcast.crm.contactTestWithBaseClass.CreateOrgWithBase" name="CreateOrganizationWithINdustriesTest" time="5.527"/>
  <testcase classname="com.comcast.crm.contactTestWithBaseClass.CreateOrgWithBase" name="createOrgTest" time="8.616"/>
  <testcase classname="com.crm.comcast.basetest.BaseClass" name="@AfterSuite configAS" time="0.0">
    <ignored/>
  </testcase> <!-- @AfterSuite configAS -->
  <testcase classname="com.crm.comcast.basetest.BaseClass" name="@BeforeSuite configBS" time="0.0">
    <ignored/>
  </testcase> <!-- @BeforeSuite configBS -->
</testsuite> <!-- TestRunner-Chrome -->
