<?xml version="1.0" encoding="UTF-8"?>
<testng-results ignored="0" total="3" passed="3" failed="0" skipped="0">
  <reporter-output>
  </reporter-output>
  <suite started-at="2024-07-13T12:28:25 IST" name="Default suite" finished-at="2024-07-13T12:29:41 IST" duration-ms="75993">
    <groups>
      <group name="regressionTest">
        <method signature="CreateOrgWithBase.CreateOrgWithPhoneNumberTest()[pri:0, instance:com.comcast.crm.contactTestWithBaseClass.CreateOrgWithBase@74d1dc36]" name="CreateOrgWithPhoneNumberTest" class="com.comcast.crm.contactTestWithBaseClass.CreateOrgWithBase"/>
        <method signature="CreateOrgWithBase.CreateOrganizationWithINdustriesTest()[pri:0, instance:com.comcast.crm.contactTestWithBaseClass.CreateOrgWithBase@74d1dc36]" name="CreateOrganizationWithINdustriesTest" class="com.comcast.crm.contactTestWithBaseClass.CreateOrgWithBase"/>
      </group> <!-- regressionTest -->
      <group name="smokeTest">
        <method signature="CreateOrgWithBase.createOrgTest()[pri:0, instance:com.comcast.crm.contactTestWithBaseClass.CreateOrgWithBase@74d1dc36]" name="createOrgTest" class="com.comcast.crm.contactTestWithBaseClass.CreateOrgWithBase"/>
      </group> <!-- smokeTest -->
    </groups>
    <test started-at="2024-07-13T12:28:25 IST" name="Default test" finished-at="2024-07-13T12:29:41 IST" duration-ms="75993">
      <class name="com.comcast.crm.contactTestWithBaseClass.CreateOrgWithBase">
        <test-method is-config="true" signature="configBS()[pri:0, instance:com.comcast.crm.contactTestWithBaseClass.CreateOrgWithBase@74d1dc36]" started-at="2024-07-13T12:28:25 IST" name="configBS" finished-at="2024-07-13T12:28:25 IST" duration-ms="418" status="PASS">
          <reporter-output>
          </reporter-output>
        </test-method> <!-- configBS -->
        <test-method is-config="true" signature="configBC()[pri:0, instance:com.comcast.crm.contactTestWithBaseClass.CreateOrgWithBase@74d1dc36]" started-at="2024-07-13T12:28:25 IST" name="configBC" finished-at="2024-07-13T12:28:28 IST" duration-ms="2347" status="PASS">
          <reporter-output>
          </reporter-output>
        </test-method> <!-- configBC -->
        <test-method is-config="true" signature="configBM()[pri:0, instance:com.comcast.crm.contactTestWithBaseClass.CreateOrgWithBase@74d1dc36]" started-at="2024-07-13T12:28:28 IST" name="configBM" finished-at="2024-07-13T12:28:31 IST" duration-ms="3178" status="PASS">
          <reporter-output>
          </reporter-output>
        </test-method> <!-- configBM -->
        <test-method signature="CreateOrgWithPhoneNumberTest()[pri:0, instance:com.comcast.crm.contactTestWithBaseClass.CreateOrgWithBase@74d1dc36]" started-at="2024-07-13T12:28:31 IST" name="CreateOrgWithPhoneNumberTest" finished-at="2024-07-13T12:28:56 IST" duration-ms="24958" status="PASS">
          <reporter-output>
          </reporter-output>
        </test-method> <!-- CreateOrgWithPhoneNumberTest -->
        <test-method is-config="true" signature="configAM()[pri:0, instance:com.comcast.crm.contactTestWithBaseClass.CreateOrgWithBase@74d1dc36]" started-at="2024-07-13T12:28:56 IST" name="configAM" finished-at="2024-07-13T12:29:05 IST" duration-ms="9684" status="PASS">
          <reporter-output>
          </reporter-output>
        </test-method> <!-- configAM -->
        <test-method is-config="true" signature="configBM()[pri:0, instance:com.comcast.crm.contactTestWithBaseClass.CreateOrgWithBase@74d1dc36]" started-at="2024-07-13T12:29:05 IST" name="configBM" finished-at="2024-07-13T12:29:08 IST" duration-ms="2298" status="PASS">
          <reporter-output>
          </reporter-output>
        </test-method> <!-- configBM -->
        <test-method signature="CreateOrganizationWithINdustriesTest()[pri:0, instance:com.comcast.crm.contactTestWithBaseClass.CreateOrgWithBase@74d1dc36]" started-at="2024-07-13T12:29:08 IST" name="CreateOrganizationWithINdustriesTest" finished-at="2024-07-13T12:29:13 IST" duration-ms="5172" status="PASS">
          <reporter-output>
          </reporter-output>
        </test-method> <!-- CreateOrganizationWithINdustriesTest -->
        <test-method is-config="true" signature="configAM()[pri:0, instance:com.comcast.crm.contactTestWithBaseClass.CreateOrgWithBase@74d1dc36]" started-at="2024-07-13T12:29:13 IST" name="configAM" finished-at="2024-07-13T12:29:22 IST" duration-ms="9105" status="PASS">
          <reporter-output>
          </reporter-output>
        </test-method> <!-- configAM -->
        <test-method is-config="true" signature="configBM()[pri:0, instance:com.comcast.crm.contactTestWithBaseClass.CreateOrgWithBase@74d1dc36]" started-at="2024-07-13T12:29:22 IST" name="configBM" finished-at="2024-07-13T12:29:24 IST" duration-ms="2295" status="PASS">
          <reporter-output>
          </reporter-output>
        </test-method> <!-- configBM -->
        <test-method signature="createOrgTest()[pri:0, instance:com.comcast.crm.contactTestWithBaseClass.CreateOrgWithBase@74d1dc36]" started-at="2024-07-13T12:29:24 IST" name="createOrgTest" finished-at="2024-07-13T12:29:31 IST" duration-ms="7105" status="PASS">
          <reporter-output>
          </reporter-output>
        </test-method> <!-- createOrgTest -->
        <test-method is-config="true" signature="configAM()[pri:0, instance:com.comcast.crm.contactTestWithBaseClass.CreateOrgWithBase@74d1dc36]" started-at="2024-07-13T12:29:31 IST" name="configAM" finished-at="2024-07-13T12:29:41 IST" duration-ms="9515" status="PASS">
          <reporter-output>
          </reporter-output>
        </test-method> <!-- configAM -->
        <test-method is-config="true" signature="configAC()[pri:0, instance:com.comcast.crm.contactTestWithBaseClass.CreateOrgWithBase@74d1dc36]" started-at="2024-07-13T12:29:41 IST" name="configAC" finished-at="2024-07-13T12:29:41 IST" duration-ms="272" status="PASS">
          <reporter-output>
          </reporter-output>
        </test-method> <!-- configAC -->
        <test-method is-config="true" signature="configAS()[pri:0, instance:com.comcast.crm.contactTestWithBaseClass.CreateOrgWithBase@74d1dc36]" started-at="2024-07-13T12:29:41 IST" name="configAS" finished-at="2024-07-13T12:29:41 IST" duration-ms="0" status="PASS">
          <reporter-output>
          </reporter-output>
        </test-method> <!-- configAS -->
      </class> <!-- com.comcast.crm.contactTestWithBaseClass.CreateOrgWithBase -->
    </test> <!-- Default test -->
  </suite> <!-- Default suite -->
</testng-results>
